0 info it worked if it ends with ok
1 verbose cli [ 'node', '/usr/local/bin/npm', 'install', '-g', 'niv' ]
2 info using npm@1.4.28
3 info using node@v0.10.33
4 verbose cache add [ 'niv', null ]
5 verbose cache add name=undefined spec="niv" args=["niv",null]
6 verbose parsed url { protocol: null,
6 verbose parsed url   slashes: null,
6 verbose parsed url   auth: null,
6 verbose parsed url   host: null,
6 verbose parsed url   port: null,
6 verbose parsed url   hostname: null,
6 verbose parsed url   hash: null,
6 verbose parsed url   search: null,
6 verbose parsed url   query: null,
6 verbose parsed url   pathname: 'niv',
6 verbose parsed url   path: 'niv',
6 verbose parsed url   href: 'niv' }
7 silly lockFile a103ef92-niv niv
8 verbose lock niv /Users/richpolis/.npm/a103ef92-niv.lock
9 silly lockFile a103ef92-niv niv
10 silly lockFile a103ef92-niv niv
11 verbose addNamed [ 'niv', '' ]
12 verbose addNamed [ null, '*' ]
13 silly lockFile bf1c8227-niv niv@
14 verbose lock niv@ /Users/richpolis/.npm/bf1c8227-niv.lock
15 silly addNameRange { name: 'niv', range: '*', hasData: false }
16 verbose request where is /niv
17 verbose request registry https://registry.npmjs.org/
18 verbose request id d383cff927a3acad
19 verbose url raw /niv
20 verbose url resolving [ 'https://registry.npmjs.org/', './niv' ]
21 verbose url resolved https://registry.npmjs.org/niv
22 verbose request where is https://registry.npmjs.org/niv
23 info trying registry request attempt 1 at 09:52:30
24 http GET https://registry.npmjs.org/niv
25 http 404 https://registry.npmjs.org/niv
26 verbose headers { date: 'Mon, 17 Nov 2014 15:52:30 GMT',
26 verbose headers   server: 'CouchDB/1.5.0 (Erlang OTP/R16B03)',
26 verbose headers   'content-type': 'application/json',
26 verbose headers   'cache-control': 'max-age=0',
26 verbose headers   'content-length': '52',
26 verbose headers   'accept-ranges': 'bytes',
26 verbose headers   via: '1.1 varnish',
26 verbose headers   age: '0',
26 verbose headers   'x-served-by': 'cache-sjc3129-SJC',
26 verbose headers   'x-cache': 'MISS',
26 verbose headers   'x-cache-hits': '0',
26 verbose headers   'x-timer': 'S1416239550.955084,VS0,VE34',
26 verbose headers   'keep-alive': 'timeout=10, max=50',
26 verbose headers   connection: 'Keep-Alive' }
27 silly registry.get cb [ 404,
27 silly registry.get   { date: 'Mon, 17 Nov 2014 15:52:30 GMT',
27 silly registry.get     server: 'CouchDB/1.5.0 (Erlang OTP/R16B03)',
27 silly registry.get     'content-type': 'application/json',
27 silly registry.get     'cache-control': 'max-age=0',
27 silly registry.get     'content-length': '52',
27 silly registry.get     'accept-ranges': 'bytes',
27 silly registry.get     via: '1.1 varnish',
27 silly registry.get     age: '0',
27 silly registry.get     'x-served-by': 'cache-sjc3129-SJC',
27 silly registry.get     'x-cache': 'MISS',
27 silly registry.get     'x-cache-hits': '0',
27 silly registry.get     'x-timer': 'S1416239550.955084,VS0,VE34',
27 silly registry.get     'keep-alive': 'timeout=10, max=50',
27 silly registry.get     connection: 'Keep-Alive' } ]
28 silly lockFile bf1c8227-niv niv@
29 silly lockFile bf1c8227-niv niv@
30 error 404 404 Not Found: niv
30 error 404
30 error 404 'niv' is not in the npm registry.
30 error 404 You should bug the author to publish it
30 error 404
30 error 404 Note that you can also install from a
30 error 404 tarball, folder, or http url, or git url.
31 error System Darwin 13.4.0
32 error command "node" "/usr/local/bin/npm" "install" "-g" "niv"
33 error cwd /Users/richpolis/Proyectos/php/sf2/sf2Residenciales/web
34 error node -v v0.10.33
35 error npm -v 1.4.28
36 error code E404
37 verbose exit [ 1, true ]
